<?xml version="1.0" encoding="UTF-8"?>
<!-- Generated by org.testng.reporters.JUnitReportReporter -->
<testsuite hostname="Testing-Sys337" failures="0" tests="3" name="AllProductstest.CrazyTest" time="15.153" errors="0" timestamp="2025-01-22T11:08:32 IST" skipped="2">
  <testcase classname="AllProductstest.CrazyTest" name="discountcoupon" time="15.153"/>
  <system-out/>
  <testcase classname="AllProductstest.CrazyTest" name="mousehover">
    <skipped/>
  </testcase> <!-- mousehover -->
  <system-out/>
  <testcase classname="AllProductstest.CrazyTest" name="login">
    <skipped/>
  </testcase> <!-- login -->
  <system-out/>
</testsuite> <!-- AllProductstest.CrazyTest -->
