<?xml version="1.0" encoding="UTF-8"?>
<!-- Generated by org.testng.reporters.JUnitReportReporter -->
<testsuite hostname="Testing-Sys337" failures="0" tests="2" name="AllProductstest.CrazyTest" time="11.551" errors="0" timestamp="2025-01-22T16:13:43 IST" skipped="1">
  <testcase classname="AllProductstest.CrazyTest" name="store" time="11.551"/>
  <system-out/>
  <testcase classname="AllProductstest.CrazyTest" name="discountcoupon">
    <skipped/>
  </testcase> <!-- discountcoupon -->
  <system-out/>
</testsuite> <!-- AllProductstest.CrazyTest -->
