<?xml version="1.0" encoding="UTF-8"?>
<!-- Generated by org.testng.reporters.JUnitReportReporter -->
<testsuite hostname="Testing-Sys41" failures="0" tests="1" name="Logintest.LoginTest" time="2.905" errors="0" timestamp="2024-12-24T13:33:06 IST" skipped="0">
  <testcase classname="Logintest.LoginTest" name="login" time="2.905"/>
  <system-out/>
</testsuite> <!-- Logintest.LoginTest -->
